<?xml version="1.0" encoding="UTF-8"?>
<!-- Generated by org.testng.reporters.JUnitXMLReporter -->
<testsuite ignored="0" hostname="Vipin_M" failures="1" tests="1" name="Test(failed)" time="16.028" errors="0" timestamp="2025-07-23T09:39:21 IST">
  <testcase classname="testCases.TC002_Login" name="verifyLogin" time="13.749">
    <failure type="java.lang.AssertionError" message="login failed expected [true] but found [false]">
      <![CDATA[java.lang.AssertionError: login failed expected [true] but found [false]
at testCases.TC002_Login.verifyLogin(TC002_Login.java:46)
at java.base/java.util.ArrayList.forEach(ArrayList.java:1604)
... Removed 31 stack frames]]>
    </failure>
  </testcase> <!-- verifyLogin -->
</testsuite> <!-- Test(failed) -->
