<?xml version="1.0" encoding="UTF-8"?>
<testng-results ignored="0" total="2" passed="2" failed="0" skipped="0">
  <reporter-output>
  </reporter-output>
  <suite started-at="2025-07-25T19:42:39 IST" name="Master Suite" finished-at="2025-07-25T19:43:40 IST" duration-ms="61497">
    <groups>
      <group name="Master">
        <method signature="TC001_AccountRegistration.verify_account_registration()[pri:0, instance:testCases.TC001_AccountRegistration@1fdf1c5]" name="verify_account_registration" class="testCases.TC001_AccountRegistration"/>
        <method signature="TC002_Login.verifyLogin()[pri:0, instance:testCases.TC002_Login@7d64e326]" name="verifyLogin" class="testCases.TC002_Login"/>
      </group> <!-- Master -->
      <group name="Sanity">
        <method signature="TC002_Login.verifyLogin()[pri:0, instance:testCases.TC002_Login@7d64e326]" name="verifyLogin" class="testCases.TC002_Login"/>
      </group> <!-- Sanity -->
      <group name="Regression">
        <method signature="TC001_AccountRegistration.verify_account_registration()[pri:0, instance:testCases.TC001_AccountRegistration@1fdf1c5]" name="verify_account_registration" class="testCases.TC001_AccountRegistration"/>
      </group> <!-- Regression -->
    </groups>
    <test started-at="2025-07-25T19:42:39 IST" name="Test" finished-at="2025-07-25T19:43:40 IST" duration-ms="61497">
      <class name="testCases.TC001_AccountRegistration">
        <test-method is-config="true" signature="setup(java.lang.String,java.lang.String)[pri:0, instance:testCases.TC001_AccountRegistration@1fdf1c5]" started-at="2025-07-25T19:42:39 IST" name="setup" finished-at="2025-07-25T19:43:01 IST" duration-ms="21937" status="PASS">
          <params>
            <param index="0">
              <value>
                <![CDATA[Windows]]>
              </value>
            </param>
            <param index="1">
              <value>
                <![CDATA[chrome]]>
              </value>
            </param>
          </params>
          <reporter-output>
          </reporter-output>
        </test-method> <!-- setup -->
        <test-method signature="verify_account_registration()[pri:0, instance:testCases.TC001_AccountRegistration@1fdf1c5]" started-at="2025-07-25T19:43:01 IST" name="verify_account_registration" finished-at="2025-07-25T19:43:06 IST" duration-ms="5475" status="PASS">
          <reporter-output>
          </reporter-output>
        </test-method> <!-- verify_account_registration -->
        <test-method is-config="true" signature="teardown()[pri:0, instance:testCases.TC001_AccountRegistration@1fdf1c5]" started-at="2025-07-25T19:43:06 IST" name="teardown" finished-at="2025-07-25T19:43:07 IST" duration-ms="311" status="PASS">
          <reporter-output>
          </reporter-output>
        </test-method> <!-- teardown -->
      </class> <!-- testCases.TC001_AccountRegistration -->
      <class name="testCases.TC002_Login">
        <test-method is-config="true" signature="setup(java.lang.String,java.lang.String)[pri:0, instance:testCases.TC002_Login@7d64e326]" started-at="2025-07-25T19:43:07 IST" name="setup" finished-at="2025-07-25T19:43:35 IST" duration-ms="28650" status="PASS">
          <params>
            <param index="0">
              <value>
                <![CDATA[Windows]]>
              </value>
            </param>
            <param index="1">
              <value>
                <![CDATA[chrome]]>
              </value>
            </param>
          </params>
          <reporter-output>
          </reporter-output>
        </test-method> <!-- setup -->
        <test-method signature="verifyLogin()[pri:0, instance:testCases.TC002_Login@7d64e326]" started-at="2025-07-25T19:43:35 IST" name="verifyLogin" finished-at="2025-07-25T19:43:40 IST" duration-ms="4670" status="PASS">
          <reporter-output>
          </reporter-output>
        </test-method> <!-- verifyLogin -->
        <test-method is-config="true" signature="teardown()[pri:0, instance:testCases.TC002_Login@7d64e326]" started-at="2025-07-25T19:43:40 IST" name="teardown" finished-at="2025-07-25T19:43:40 IST" duration-ms="252" status="PASS">
          <reporter-output>
          </reporter-output>
        </test-method> <!-- teardown -->
      </class> <!-- testCases.TC002_Login -->
    </test> <!-- Test -->
  </suite> <!-- Master Suite -->
</testng-results>
